d:\code\c++\voxelrenderer\voxelrenderer\debug\vc140.pdb
d:\code\c++\voxelrenderer\voxelrenderer\debug\vc140.idb
d:\code\c++\voxelrenderer\voxelrenderer\debug\logger.obj
d:\code\c++\voxelrenderer\voxelrenderer\debug\voxelgame.obj
d:\code\c++\voxelrenderer\voxelrenderer\debug\player.obj
d:\code\c++\voxelrenderer\voxelrenderer\debug\camera.obj
d:\code\c++\voxelrenderer\voxelrenderer\debug\renderinghandler.obj
d:\code\c++\voxelrenderer\voxelrenderer\debug\shader.obj
d:\code\c++\voxelrenderer\voxelrenderer\debug\shaderprogram.obj
d:\code\c++\voxelrenderer\voxelrenderer\debug\windowhandler.obj
d:\code\c++\voxelrenderer\voxelrenderer\debug\fontrenderer.obj
d:\code\c++\voxelrenderer\voxelrenderer\debug\guiscreen.obj
d:\code\c++\voxelrenderer\voxelrenderer\debug\light.obj
d:\code\c++\voxelrenderer\voxelrenderer\debug\mesh.obj
d:\code\c++\voxelrenderer\voxelrenderer\debug\meshbuilder.obj
d:\code\c++\voxelrenderer\voxelrenderer\debug\texture.obj
d:\code\c++\voxelrenderer\voxelrenderer\debug\resourcemanager.obj
d:\code\c++\voxelrenderer\voxelrenderer\debug\chunk.obj
d:\code\c++\voxelrenderer\voxelrenderer\debug\body.obj
d:\code\c++\voxelrenderer\voxelrenderer\debug\gameobject.obj
d:\code\c++\voxelrenderer\voxelrenderer\debug\animationcomponent.obj
d:\code\c++\voxelrenderer\voxelrenderer\debug\meshcomponent.obj
d:\code\c++\voxelrenderer\voxelrenderer\debug\opengltext.obj
d:\code\c++\voxelrenderer\voxelrenderer\debug\engine.obj
d:\code\c++\voxelrenderer\voxelrenderer\debug\inputhandler.obj
d:\code\c++\voxelrenderer\voxelrenderer\debug\boundingsphere.obj
d:\code\c++\voxelrenderer\voxelrenderer\debug\planet.obj
d:\code\c++\voxelrenderer\voxelrenderer\debug\source.obj
d:\code\c++\voxelrenderer\voxelrenderer\debug\voxelrenderer.pdb
d:\code\c++\voxelrenderer\voxelrenderer\debug\voxelrenderer.tlog\cl.command.1.tlog
d:\code\c++\voxelrenderer\voxelrenderer\debug\voxelrenderer.tlog\cl.read.1.tlog
d:\code\c++\voxelrenderer\voxelrenderer\debug\voxelrenderer.tlog\cl.write.1.tlog
d:\code\c++\voxelrenderer\voxelrenderer\debug\voxelrenderer.tlog\link-cvtres.read.1.tlog
d:\code\c++\voxelrenderer\voxelrenderer\debug\voxelrenderer.tlog\link-cvtres.write.1.tlog
d:\code\c++\voxelrenderer\voxelrenderer\debug\voxelrenderer.tlog\link-rc.read.1.tlog
d:\code\c++\voxelrenderer\voxelrenderer\debug\voxelrenderer.tlog\link-rc.write.1.tlog
d:\code\c++\voxelrenderer\voxelrenderer\debug\voxelrenderer.tlog\link.10748-cvtres.read.1.tlog
d:\code\c++\voxelrenderer\voxelrenderer\debug\voxelrenderer.tlog\link.10748-cvtres.write.1.tlog
d:\code\c++\voxelrenderer\voxelrenderer\debug\voxelrenderer.tlog\link.10748-rc.read.1.tlog
d:\code\c++\voxelrenderer\voxelrenderer\debug\voxelrenderer.tlog\link.10748-rc.write.1.tlog
d:\code\c++\voxelrenderer\voxelrenderer\debug\voxelrenderer.tlog\link.10748.read.1.tlog
d:\code\c++\voxelrenderer\voxelrenderer\debug\voxelrenderer.tlog\link.10748.write.1.tlog
d:\code\c++\voxelrenderer\voxelrenderer\debug\voxelrenderer.tlog\link.command.1.tlog
d:\code\c++\voxelrenderer\voxelrenderer\debug\voxelrenderer.tlog\link.read.1.tlog
d:\code\c++\voxelrenderer\voxelrenderer\debug\voxelrenderer.tlog\link.write.1.tlog
